# JRE version: OpenJDK Runtime Environment (8.0_152-b01) (build 1.8.0_152-release-1343-b01)
# Java VM: OpenJDK 64-Bit Server VM (25.152-b01 mixed mode windows-amd64 compressed oops)
Heap:
 PSYoungGen      total 347648K, used 196570K [0x00000000e0000000, 0x0000000100000000, 0x0000000100000000)
  eden space 207872K, 70% used [0x00000000e0000000,0x00000000e8ed0b30,0x00000000ecb00000)
  from space 139776K, 36% used [0x00000000f7780000,0x00000000fa8a5db8,0x0000000100000000)
  to   space 158208K, 0% used [0x00000000ecb00000,0x00000000ecb00000,0x00000000f6580000)
 ParOldGen       total 394240K, used 230015K [0x00000000a0000000, 0x00000000b8100000, 0x00000000e0000000)
  object space 394240K, 58% used [0x00000000a0000000,0x00000000ae09ff40,0x00000000b8100000)
 Metaspace       used 105584K, capacity 109870K, committed 111128K, reserved 1146880K
  class space    used 12986K, capacity 13779K, committed 14104K, reserved 1048576K
GC Heap History (10 events):
Event: 2705.380 GC heap before
{Heap before GC invocations=35 (full 5):
 PSYoungGen      total 346624K, used 80883K [0x00000000e0000000, 0x0000000100000000, 0x0000000100000000)
  eden space 265728K, 0% used [0x00000000e0000000,0x00000000e0000000,0x00000000f0380000)
  from space 80896K, 99% used [0x00000000f7a00000,0x00000000fc8fcd10,0x00000000fc900000)
  to   space 121344K, 0% used [0x00000000f0380000,0x00000000f0380000,0x00000000f7a00000)
 ParOldGen       total 236032K, used 208993K [0x00000000a0000000, 0x00000000ae680000, 0x00000000e0000000)
  object space 236032K, 88% used [0x00000000a0000000,0x00000000acc18518,0x00000000ae680000)
 Metaspace       used 105864K, capacity 110588K, committed 111128K, reserved 1146880K
  class space    used 13072K, capacity 13931K, committed 14104K, reserved 1048576K
Event: 2706.945 GC heap after
Heap after GC invocations=35 (full 5):
 PSYoungGen      total 346624K, used 0K [0x00000000e0000000, 0x0000000100000000, 0x0000000100000000)
  eden space 265728K, 0% used [0x00000000e0000000,0x00000000e0000000,0x00000000f0380000)
  from space 80896K, 0% used [0x00000000f7a00000,0x00000000f7a00000,0x00000000fc900000)
  to   space 121344K, 0% used [0x00000000f0380000,0x00000000f0380000,0x00000000f7a00000)
 ParOldGen       total 394240K, used 205013K [0x00000000a0000000, 0x00000000b8100000, 0x00000000e0000000)
  object space 394240K, 52% used [0x00000000a0000000,0x00000000ac8354a0,0x00000000b8100000)
 Metaspace       used 105096K, capacity 109296K, committed 111128K, reserved 1146880K
  class space    used 12942K, capacity 13726K, committed 14104K, reserved 1048576K
}
Event: 2707.537 GC heap before
{Heap before GC invocations=36 (full 5):
 PSYoungGen      total 346624K, used 265728K [0x00000000e0000000, 0x0000000100000000, 0x0000000100000000)
  eden space 265728K, 100% used [0x00000000e0000000,0x00000000f0380000,0x00000000f0380000)
  from space 80896K, 0% used [0x00000000f7a00000,0x00000000f7a00000,0x00000000fc900000)
  to   space 121344K, 0% used [0x00000000f0380000,0x00000000f0380000,0x00000000f7a00000)
 ParOldGen       total 394240K, used 205013K [0x00000000a0000000, 0x00000000b8100000, 0x00000000e0000000)
  object space 394240K, 52% used [0x00000000a0000000,0x00000000ac8354a0,0x00000000b8100000)
 Metaspace       used 105119K, capacity 109296K, committed 111128K, reserved 1146880K
  class space    used 12942K, capacity 13726K, committed 14104K, reserved 1048576K
Event: 2707.552 GC heap after
Heap after GC invocations=36 (full 5):
 PSYoungGen      total 387072K, used 39261K [0x00000000e0000000, 0x0000000100000000, 0x0000000100000000)
  eden space 265728K, 0% used [0x00000000e0000000,0x00000000e0000000,0x00000000f0380000)
  from space 121344K, 32% used [0x00000000f0380000,0x00000000f29d7688,0x00000000f7a00000)
  to   space 114688K, 0% used [0x00000000f9000000,0x00000000f9000000,0x0000000100000000)
 ParOldGen       total 394240K, used 205013K [0x00000000a0000000, 0x00000000b8100000, 0x00000000e0000000)
  object space 394240K, 52% used [0x00000000a0000000,0x00000000ac8354a0,0x00000000b8100000)
 Metaspace       used 105119K, capacity 109296K, committed 111128K, reserved 1146880K
  class space    used 12942K, capacity 13726K, committed 14104K, reserved 1048576K
}
Event: 2710.032 GC heap before
{Heap before GC invocations=37 (full 5):
 PSYoungGen      total 387072K, used 304989K [0x00000000e0000000, 0x0000000100000000, 0x0000000100000000)
  eden space 265728K, 100% used [0x00000000e0000000,0x00000000f0380000,0x00000000f0380000)
  from space 121344K, 32% used [0x00000000f0380000,0x00000000f29d7688,0x00000000f7a00000)
  to   space 114688K, 0% used [0x00000000f9000000,0x00000000f9000000,0x0000000100000000)
 ParOldGen       total 394240K, used 205013K [0x00000000a0000000, 0x00000000b8100000, 0x00000000e0000000)
  object space 394240K, 52% used [0x00000000a0000000,0x00000000ac8354a0,0x00000000b8100000)
 Metaspace       used 105192K, capacity 109360K, committed 111128K, reserved 1146880K
  class space    used 12942K, capacity 13726K, committed 14104K, reserved 1048576K
Event: 2710.404 GC heap after
Heap after GC invocations=37 (full 5):
 PSYoungGen      total 359424K, used 114672K [0x00000000e0000000, 0x0000000100000000, 0x0000000100000000)
  eden space 244736K, 0% used [0x00000000e0000000,0x00000000e0000000,0x00000000eef00000)
  from space 114688K, 99% used [0x00000000f9000000,0x00000000ffffc1f8,0x0000000100000000)
  to   space 139776K, 0% used [0x00000000eef00000,0x00000000eef00000,0x00000000f7780000)
 ParOldGen       total 394240K, used 222199K [0x00000000a0000000, 0x00000000b8100000, 0x00000000e0000000)
  object space 394240K, 56% used [0x00000000a0000000,0x00000000ad8fde90,0x00000000b8100000)
 Metaspace       used 105192K, capacity 109360K, committed 111128K, reserved 1146880K
  class space    used 12942K, capacity 13726K, committed 14104K, reserved 1048576K
}
Event: 2711.451 GC heap before
{Heap before GC invocations=38 (full 5):
 PSYoungGen      total 359424K, used 359408K [0x00000000e0000000, 0x0000000100000000, 0x0000000100000000)
  eden space 244736K, 100% used [0x00000000e0000000,0x00000000eef00000,0x00000000eef00000)
  from space 114688K, 99% used [0x00000000f9000000,0x00000000ffffc1f8,0x0000000100000000)
  to   space 139776K, 0% used [0x00000000eef00000,0x00000000eef00000,0x00000000f7780000)
 ParOldGen       total 394240K, used 222199K [0x00000000a0000000, 0x00000000b8100000, 0x00000000e0000000)
  object space 394240K, 56% used [0x00000000a0000000,0x00000000ad8fde90,0x00000000b8100000)
 Metaspace       used 105202K, capacity 109364K, committed 111128K, reserved 1146880K
  class space    used 12942K, capacity 13726K, committed 14104K, reserved 1048576K
Event: 2711.548 GC heap after
Heap after GC invocations=38 (full 5):
 PSYoungGen      total 384512K, used 139770K [0x00000000e0000000, 0x0000000100000000, 0x0000000100000000)
  eden space 244736K, 0% used [0x00000000e0000000,0x00000000e0000000,0x00000000eef00000)
  from space 139776K, 99% used [0x00000000eef00000,0x00000000f777ebf8,0x00000000f7780000)
  to   space 139776K, 0% used [0x00000000f7780000,0x00000000f7780000,0x0000000100000000)
 ParOldGen       total 394240K, used 230007K [0x00000000a0000000, 0x00000000b8100000, 0x00000000e0000000)
  object space 394240K, 58% used [0x00000000a0000000,0x00000000ae09df40,0x00000000b8100000)
 Metaspace       used 105202K, capacity 109364K, committed 111128K, reserved 1146880K
  class space    used 12942K, capacity 13726K, committed 14104K, reserved 1048576K
}
Event: 2800.753 GC heap before
{Heap before GC invocations=39 (full 5):
 PSYoungGen      total 384512K, used 384506K [0x00000000e0000000, 0x0000000100000000, 0x0000000100000000)
  eden space 244736K, 100% used [0x00000000e0000000,0x00000000eef00000,0x00000000eef00000)
  from space 139776K, 99% used [0x00000000eef00000,0x00000000f777ebf8,0x00000000f7780000)
  to   space 139776K, 0% used [0x00000000f7780000,0x00000000f7780000,0x0000000100000000)
 ParOldGen       total 394240K, used 230007K [0x00000000a0000000, 0x00000000b8100000, 0x00000000e0000000)
  object space 394240K, 58% used [0x00000000a0000000,0x00000000ae09df40,0x00000000b8100000)
 Metaspace       used 105504K, capacity 109780K, committed 111128K, reserved 1146880K
  class space    used 12978K, capacity 13764K, committed 14104K, reserved 1048576K
Event: 2800.798 GC heap after
Heap after GC invocations=39 (full 5):
 PSYoungGen      total 347648K, used 50327K [0x00000000e0000000, 0x0000000100000000, 0x0000000100000000)
  eden space 207872K, 0% used [0x00000000e0000000,0x00000000e0000000,0x00000000ecb00000)
  from space 139776K, 36% used [0x00000000f7780000,0x00000000fa8a5db8,0x0000000100000000)
  to   space 158208K, 0% used [0x00000000ecb00000,0x00000000ecb00000,0x00000000f6580000)
 ParOldGen       total 394240K, used 230015K [0x00000000a0000000, 0x00000000b8100000, 0x00000000e0000000)
  object space 394240K, 58% used [0x00000000a0000000,0x00000000ae09ff40,0x00000000b8100000)
 Metaspace       used 105504K, capacity 109780K, committed 111128K, reserved 1146880K
  class space    used 12978K, capacity 13764K, committed 14104K, reserved 1048576K
}

